250411 19:27:02 mysqld_safe Starting mariadbd daemon with databases from ./data
/usr/bin/mariadbd: Can't create file './data/dawg.err' (errno: 2 "No such file or directory")
2025-04-11 19:27:02 0 [Note] Starting MariaDB 11.7.2-MariaDB source revision 80067a69feaeb5df30abb1bfaf7d4e713ccbf027 server_uid GmXYsn+Vy/AvrY3QKkGcWPdgXb0= as process 40428
2025-04-11 19:27:02 0 [Note] InnoDB: Compressed tables use zlib 1.3.1
2025-04-11 19:27:02 0 [Note] InnoDB: Number of transaction pools: 1
2025-04-11 19:27:02 0 [Note] InnoDB: Using crc32 + pclmulqdq instructions
2025-04-11 19:27:02 0 [Note] InnoDB: Using liburing
2025-04-11 19:27:02 0 [Note] InnoDB: Initializing buffer pool, total size = 128.000MiB, chunk size = 2.000MiB
2025-04-11 19:27:02 0 [Note] InnoDB: Initialized memory pressure event listener
2025-04-11 19:27:02 0 [Note] InnoDB: Completed initialization of buffer pool
2025-04-11 19:27:02 0 [Note] InnoDB: File system buffers for log disabled (block size=512 bytes)
2025-04-11 19:27:02 0 [Note] InnoDB: End of log at LSN=47763
2025-04-11 19:27:02 0 [Note] InnoDB: Opened 3 undo tablespaces
2025-04-11 19:27:02 0 [Note] InnoDB: 128 rollback segments in 3 undo tablespaces are active.
2025-04-11 19:27:02 0 [Note] InnoDB: Setting file './ibtmp1' size to 12.000MiB. Physically writing the file full; Please wait ...
2025-04-11 19:27:02 0 [Note] InnoDB: File './ibtmp1' size is now 12.000MiB.
2025-04-11 19:27:02 0 [Note] InnoDB: log sequence number 47763; transaction id 14
2025-04-11 19:27:02 0 [Note] Plugin 'wsrep-provider' is disabled.
2025-04-11 19:27:02 0 [Note] InnoDB: Loading buffer pool(s) from /home/akmal/Documents/project-team3/data/ib_buffer_pool
2025-04-11 19:27:02 0 [Note] InnoDB: Buffer pool(s) load completed at 250411 19:27:02
2025-04-11 19:27:02 0 [Note] Server socket created on IP: '0.0.0.0'.
2025-04-11 19:27:02 0 [Note] Server socket created on IP: '::'.
2025-04-11 19:27:02 0 [ERROR] Can't start server : Bind on unix socket: Address already in use
2025-04-11 19:27:02 0 [ERROR] Do you already have another server running on socket: /run/mysqld/mysqld.sock ?
2025-04-11 19:27:02 0 [ERROR] Aborting
250411 19:27:03 mysqld_safe mysqld from pid file ./data/dawg.pid ended
